-------------------------------------------------------------------------------
Test set: com.oneToMany.api.RestApiOntToManyApplicationTests
-------------------------------------------------------------------------------
Tests run: 1, Failures: 0, Errors: 1, Skipped: 0, Time elapsed: 1.089 s <<< FAILURE! - in com.oneToMany.api.RestApiOntToManyApplicationTests
contextLoads  Time elapsed: 0.001 s  <<< ERROR!
java.lang.NoClassDefFoundError: org/springframework/boot/Bootstrapper
Caused by: java.lang.ClassNotFoundException: org.springframework.boot.Bootstrapper

